<?xml version="1.0" encoding="UTF-8"?>
<!-- Generated by org.testng.reporters.JUnitReportReporter -->
<testsuite skipped="0" hostname="Sarathy" name="venkat.Testing" tests="1" failures="0" timestamp="2019-09-02T11:08:53 IST" time="34.044" errors="0">
  <testcase name="captureScreenMethod" time="34.044" classname="venkat.Testing"/>
</testsuite> <!-- venkat.Testing -->
